projects/android/quotation-app/proguard/seeds.txt
org.bwgz.quotation.BuildConfig
org.bwgz.quotation.BuildConfig: boolean DEBUG
org.bwgz.quotation.BuildConfig: BuildConfig()
org.bwgz.quotation.R
org.bwgz.quotation.R: R()
org.bwgz.quotation.R$anim
org.bwgz.quotation.R$anim: int clockwise_refresh
org.bwgz.quotation.R$anim: R$anim()
org.bwgz.quotation.R$attr
org.bwgz.quotation.R$attr: int actionBarDivider
org.bwgz.quotation.R$attr: int actionBarItemBackground
org.bwgz.quotation.R$attr: int actionBarSize
org.bwgz.quotation.R$attr: int actionBarSplitStyle
org.bwgz.quotation.R$attr: int actionBarStyle
org.bwgz.quotation.R$attr: int actionBarTabBarStyle
org.bwgz.quotation.R$attr: int actionBarTabStyle
org.bwgz.quotation.R$attr: int actionBarTabTextStyle
org.bwgz.quotation.R$attr: int actionBarWidgetTheme
org.bwgz.quotation.R$attr: int actionButtonStyle
org.bwgz.quotation.R$attr: int actionDropDownStyle
org.bwgz.quotation.R$attr: int actionMenuTextAppearance
org.bwgz.quotation.R$attr: int actionMenuTextColor
org.bwgz.quotation.R$attr: int actionModeBackground
org.bwgz.quotation.R$attr: int actionModeCloseButtonStyle
org.bwgz.quotation.R$attr: int actionModeCloseDrawable
org.bwgz.quotation.R$attr: int actionModePopupWindowStyle
org.bwgz.quotation.R$attr: int actionModeShareDrawable
org.bwgz.quotation.R$attr: int actionModeSplitBackground
org.bwgz.quotation.R$attr: int actionModeStyle
org.bwgz.quotation.R$attr: int actionOverflowButtonStyle
org.bwgz.quotation.R$attr: int actionSpinnerItemStyle
org.bwgz.quotation.R$attr: int activatedBackgroundIndicator
org.bwgz.quotation.R$attr: int activityChooserViewStyle
org.bwgz.quotation.R$attr: int background
org.bwgz.quotation.R$attr: int backgroundSplit
org.bwgz.quotation.R$attr: int backgroundStacked
org.bwgz.quotation.R$attr: int buttonStyleSmall
org.bwgz.quotation.R$bool
org.bwgz.quotation.R$bool: int abs__action_bar_embed_tabs
org.bwgz.quotation.R$bool: int abs__action_bar_expanded_action_views_exclusive
org.bwgz.quotation.R$bool: int abs__config_actionMenuItemAllCaps
org.bwgz.quotation.R$bool: int abs__config_allowActionMenuItemTextWithIcon
org.bwgz.quotation.R$bool: int abs__config_showMenuShortcutsWhenKeyboardPresent
org.bwgz.quotation.R$bool: int abs__split_action_bar_is_narrow
org.bwgz.quotation.R$bool: R$bool()
org.bwgz.quotation.R$color
org.bwgz.quotation.R$color: int abs__background_holo_dark
org.bwgz.quotation.R$color: int abs__background_holo_light
org.bwgz.quotation.R$color: int abs__bright_foreground_disabled_holo_dark
org.bwgz.quotation.R$color: int abs__bright_foreground_disabled_holo_light
org.bwgz.quotation.R$color: int abs__bright_foreground_holo_dark
org.bwgz.quotation.R$color: int abs__bright_foreground_holo_light
org.bwgz.quotation.R$color: int abs__primary_text_disable_only_holo_dark
org.bwgz.quotation.R$color: int abs__primary_text_disable_only_holo_light
org.bwgz.quotation.R$color: int abs__primary_text_holo_dark
org.bwgz.quotation.R$color: int abs__primary_text_holo_light
org.bwgz.quotation.R$color: R$color()
...
com.fasterxml.jackson.core.io.CharacterEscapes
com.fasterxml.jackson.core.io.CharacterEscapes: long serialVersionUID
com.fasterxml.jackson.core.io.CharacterEscapes: int ESCAPE_NONE
com.fasterxml.jackson.core.io.CharacterEscapes: int ESCAPE_STANDARD
com.fasterxml.jackson.core.io.CharacterEscapes: int ESCAPE_CUSTOM
com.fasterxml.jackson.core.io.CharacterEscapes: CharacterEscapes()
com.fasterxml.jackson.core.io.CharacterEscapes: int[] getEscapeCodesForAscii()
com.fasterxml.jackson.core.io.CharacterEscapes: com.fasterxml.jackson.core.SerializableString getEscapeSequence(int)
com.fasterxml.jackson.core.io.CharacterEscapes: int[] standardAsciiEscapesForJSON()
com.fasterxml.jackson.core.io.IOContext
com.fasterxml.jackson.core.io.IOContext: java.lang.Object _sourceRef
com.fasterxml.jackson.core.io.IOContext: com.fasterxml.jackson.core.JsonEncoding _encoding
com.fasterxml.jackson.core.io.IOContext: boolean _managedResource
com.fasterxml.jackson.core.io.IOContext: com.fasterxml.jackson.core.util.BufferRecycler _bufferRecycler
com.fasterxml.jackson.core.io.IOContext: byte[] _readIOBuffer
com.fasterxml.jackson.core.io.IOContext: byte[] _writeEncodingBuffer
com.fasterxml.jackson.core.io.IOContext: byte[] _base64Buffer
com.fasterxml.jackson.core.io.IOContext: char[] _tokenCBuffer
com.fasterxml.jackson.core.io.IOContext: char[] _concatCBuffer
com.fasterxml.jackson.core.io.IOContext: char[] _nameCopyBuffer
com.fasterxml.jackson.core.io.IOContext: IOContext(com.fasterxml.jackson.core.util.BufferRecycler,java.lang.Object,boolean)
com.fasterxml.jackson.core.io.IOContext: void setEncoding(com.fasterxml.jackson.core.JsonEncoding)
com.fasterxml.jackson.core.io.IOContext: java.lang.Object getSourceReference()
com.fasterxml.jackson.core.io.IOContext: com.fasterxml.jackson.core.JsonEncoding getEncoding()
com.fasterxml.jackson.core.io.IOContext: boolean isResourceManaged()
com.fasterxml.jackson.core.io.IOContext: com.fasterxml.jackson.core.util.TextBuffer constructTextBuffer()
com.fasterxml.jackson.core.io.IOContext: byte[] allocReadIOBuffer()
com.fasterxml.jackson.core.io.IOContext: byte[] allocWriteEncodingBuffer()
com.fasterxml.jackson.core.io.InputDecorator
com.fasterxml.jackson.core.io.InputDecorator: long serialVersionUID
com.fasterxml.jackson.core.io.InputDecorator: InputDecorator()
com.fasterxml.jackson.core.io.InputDecorator: java.io.InputStream decorate(com.fasterxml.jackson.core.io.IOContext,java.io.InputStream)
com.fasterxml.jackson.core.io.InputDecorator: java.io.InputStream decorate(com.fasterxml.jackson.core.io.IOContext,byte[],int,int)
com.fasterxml.jackson.core.io.InputDecorator: java.io.Reader decorate(com.fasterxml.jackson.core.io.IOContext,java.io.Reader)
com.fasterxml.jackson.core.io.JsonStringEncoder
com.fasterxml.jackson.core.io.JsonStringEncoder: java.lang.ThreadLocal _threadEncoder
com.fasterxml.jackson.core.io.JsonStringEncoder: com.fasterxml.jackson.core.util.TextBuffer _textBuffer
com.fasterxml.jackson.core.io.JsonStringEncoder: com.fasterxml.jackson.core.util.ByteArrayBuilder _byteBuilder
com.fasterxml.jackson.core.io.JsonStringEncoder: char[] _quoteBuffer
com.fasterxml.jackson.core.io.JsonStringEncoder: JsonStringEncoder()
com.fasterxml.jackson.core.io.JsonStringEncoder: com.fasterxml.jackson.core.io.JsonStringEncoder getInstance()
com.fasterxml.jackson.core.io.JsonStringEncoder: char[] quoteAsString(java.lang.String)
com.fasterxml.jackson.core.io.JsonStringEncoder: byte[] quoteAsUTF8(java.lang.String)
com.fasterxml.jackson.core.io.JsonStringEncoder: byte[] encodeAsUTF8(java.lang.String)