projects/android/quotation-app/proguard/mapping.txt
org.bwgz.quotation.BuildConfig -> org.bwgz.quotation.BuildConfig:
    boolean DEBUG -> DEBUG
org.bwgz.quotation.R -> org.bwgz.quotation.R:
org.bwgz.quotation.R$anim -> org.bwgz.quotation.R$anim:
    int clockwise_refresh -> clockwise_refresh
org.bwgz.quotation.R$attr -> org.bwgz.quotation.R$attr:
    int actionBarDivider -> actionBarDivider
    int actionBarItemBackground -> actionBarItemBackground
    int actionBarSize -> actionBarSize
    int actionBarSplitStyle -> actionBarSplitStyle
    int actionBarStyle -> actionBarStyle
    int actionBarTabBarStyle -> actionBarTabBarStyle
    int actionBarTabStyle -> actionBarTabStyle
    int actionBarTabTextStyle -> actionBarTabTextStyle
    int actionBarWidgetTheme -> actionBarWidgetTheme
    int actionButtonStyle -> actionButtonStyle
    int actionDropDownStyle -> actionDropDownStyle
    int actionMenuTextAppearance -> actionMenuTextAppearance
    int actionMenuTextColor -> actionMenuTextColor
    int actionModeBackground -> actionModeBackground
    int actionModeCloseButtonStyle -> actionModeCloseButtonStyle
    int actionModeCloseDrawable -> actionModeCloseDrawable
    int actionModePopupWindowStyle -> actionModePopupWindowStyle
    int actionModeShareDrawable -> actionModeShareDrawable
    int actionModeSplitBackground -> actionModeSplitBackground
    int actionModeStyle -> actionModeStyle
    int actionOverflowButtonStyle -> actionOverflowButtonStyle
    int actionSpinnerItemStyle -> actionSpinnerItemStyle
    int activatedBackgroundIndicator -> activatedBackgroundIndicator
    int activityChooserViewStyle -> activityChooserViewStyle
    int background -> background
    int backgroundSplit -> backgroundSplit
    int backgroundStacked -> backgroundStacked
org.bwgz.quotation.R$bool -> org.bwgz.quotation.R$bool:
    int abs__action_bar_embed_tabs -> abs__action_bar_embed_tabs
    int abs__action_bar_expanded_action_views_exclusive -> abs__action_bar_expanded_action_views_exclusive
    int abs__config_actionMenuItemAllCaps -> abs__config_actionMenuItemAllCaps
    int abs__config_allowActionMenuItemTextWithIcon -> abs__config_allowActionMenuItemTextWithIcon
    int abs__config_showMenuShortcutsWhenKeyboardPresent -> abs__config_showMenuShortcutsWhenKeyboardPresent
    int abs__split_action_bar_is_narrow -> abs__split_action_bar_is_narrow
org.bwgz.quotation.R$color -> org.bwgz.quotation.R$color:
    int abs__background_holo_dark -> abs__background_holo_dark
    int abs__background_holo_light -> abs__background_holo_light
    int abs__bright_foreground_disabled_holo_dark -> abs__bright_foreground_disabled_holo_dark
    int abs__bright_foreground_disabled_holo_light -> abs__bright_foreground_disabled_holo_light
    int abs__bright_foreground_holo_dark -> abs__bright_foreground_holo_dark
    int abs__bright_foreground_holo_light -> abs__bright_foreground_holo_light
    int abs__primary_text_disable_only_holo_dark -> abs__primary_text_disable_only_holo_dark
    int abs__primary_text_disable_only_holo_light -> abs__primary_text_disable_only_holo_light
    int abs__primary_text_holo_dark -> abs__primary_text_holo_dark
    int abs__primary_text_holo_light -> abs__primary_text_holo_light
...
com.google.common.collect.MapMakerInternalMap$Strength$3 -> mT:
    com.google.common.collect.MapMakerInternalMap$ValueReference referenceValue(com.google.common.collect.MapMakerInternalMap$Segment,com.google.common.collect.MapMakerInternalMap$ReferenceEntry,java.lang.Object) -> a
    com.google.common.base.Equivalence defaultEquivalence() -> a
com.google.common.collect.MapMakerInternalMap$StrongEntry -> mU:
    java.lang.Object key -> a
    int hash -> b
    com.google.common.collect.MapMakerInternalMap$ReferenceEntry next -> c
    com.google.common.collect.MapMakerInternalMap$ValueReference valueReference -> d
    java.lang.Object getKey() -> d
    long getExpirationTime() -> e
    void setExpirationTime(long) -> a
    com.google.common.collect.MapMakerInternalMap$ReferenceEntry getNextExpirable() -> f
    void setNextExpirable(com.google.common.collect.MapMakerInternalMap$ReferenceEntry) -> a
    com.google.common.collect.MapMakerInternalMap$ReferenceEntry getPreviousExpirable() -> g
    void setPreviousExpirable(com.google.common.collect.MapMakerInternalMap$ReferenceEntry) -> b
    com.google.common.collect.MapMakerInternalMap$ReferenceEntry getNextEvictable() -> h
    void setNextEvictable(com.google.common.collect.MapMakerInternalMap$ReferenceEntry) -> c
    com.google.common.collect.MapMakerInternalMap$ReferenceEntry getPreviousEvictable() -> i
    void setPreviousEvictable(com.google.common.collect.MapMakerInternalMap$ReferenceEntry) -> d
    com.google.common.collect.MapMakerInternalMap$ValueReference getValueReference() -> a
    void setValueReference(com.google.common.collect.MapMakerInternalMap$ValueReference) -> a
    int getHash() -> c
    com.google.common.collect.MapMakerInternalMap$ReferenceEntry getNext() -> b
com.google.common.collect.MapMakerInternalMap$StrongEvictableEntry -> mV:
    com.google.common.collect.MapMakerInternalMap$ReferenceEntry nextEvictable -> e
    com.google.common.collect.MapMakerInternalMap$ReferenceEntry previousEvictable -> f
    com.google.common.collect.MapMakerInternalMap$ReferenceEntry getNextEvictable() -> h
    void setNextEvictable(com.google.common.collect.MapMakerInternalMap$ReferenceEntry) -> c
    com.google.common.collect.MapMakerInternalMap$ReferenceEntry getPreviousEvictable() -> i
    void setPreviousEvictable(com.google.common.collect.MapMakerInternalMap$ReferenceEntry) -> d
com.google.common.collect.MapMakerInternalMap$StrongExpirableEntry -> mW:
    long time -> e
    com.google.common.collect.MapMakerInternalMap$ReferenceEntry nextExpirable -> f
    com.google.common.collect.MapMakerInternalMap$ReferenceEntry previousExpirable -> g
    long getExpirationTime() -> e
    void setExpirationTime(long) -> a
    com.google.common.collect.MapMakerInternalMap$ReferenceEntry getNextExpirable() -> f
    void setNextExpirable(com.google.common.collect.MapMakerInternalMap$ReferenceEntry) -> a
    com.google.common.collect.MapMakerInternalMap$ReferenceEntry getPreviousExpirable() -> g
    void setPreviousExpirable(com.google.common.collect.MapMakerInternalMap$ReferenceEntry) -> b