projects/android/quotation-app/proguard/usage.txt
com.google.common.hash.AbstractNonStreamingHashFunction$BufferingHasher
com.google.common.hash.AbstractNonStreamingHashFunction$ExposedByteArrayOutputStream
com.google.common.hash.BloomFilter$Strategy:
    public abstract int ordinal()
com.google.common.hash.Murmur3_128HashFunction$Murmur3_128Hasher:
    private static final int CHUNK_SIZE
    private static final long C1
    private static final long C2
com.google.common.hash.Murmur3_32HashFunction:
    private static final int C1
    private static final int C2
com.google.common.hash.Murmur3_32HashFunction$Murmur3_32Hasher:
    private static final int CHUNK_SIZE
com.google.common.hash.package-info
com.google.common.io.ByteSource:
    private static final int BUF_SIZE
com.google.common.io.ByteStreams:
    private static final int BUF_SIZE
com.google.common.io.CharStreams:
    private static final int BUF_SIZE
com.google.common.io.FileBackedOutputStream:
    64:64:synchronized java.io.File getFile()
com.google.common.io.Files:
    private static final int TEMP_DIR_ATTEMPTS
com.google.common.io.GwtWorkarounds:
    38:38:private GwtWorkarounds()
com.google.common.io.package-info
com.google.common.math.BigIntegerMath:
    static final int SQRT2_PRECOMPUTE_THRESHOLD
com.google.common.math.DoubleMath:
    private static final double MIN_INT_AS_DOUBLE
    private static final double MAX_INT_AS_DOUBLE
    private static final double MIN_LONG_AS_DOUBLE
    private static final double MAX_LONG_AS_DOUBLE_PLUS_ONE
    static final int MAX_FACTORIAL
com.google.common.math.DoubleUtils:
    static final long SIGNIFICAND_MASK
    static final long EXPONENT_MASK
    static final long SIGN_MASK
    static final int SIGNIFICAND_BITS
    static final int EXPONENT_BIAS
    static final long IMPLICIT_BIT
    36:37:private DoubleUtils()
    40:40:static double nextDown(double)
    139:143:static double ensureNonNegative(double)
com.google.common.math.IntMath:
    static final int MAX_POWER_OF_SQRT2_UNSIGNED
    static final int FLOOR_SQRT_MAX_INT
com.google.common.math.LongMath:
    static final long MAX_POWER_OF_SQRT2_UNSIGNED
    static final long FLOOR_SQRT_MAX_LONG
com.google.common.math.MathPreconditions:
    97:97:private MathPreconditions()
com.google.common.math.package-info
com.google.common.net.HostAndPort:
    private static final int NO_PORT
com.google.common.net.InetAddresses:
    private static final int IPV4_PART_COUNT
    private static final int IPV6_PART_COUNT
com.google.common.net.InternetDomainName:
    private static final int NO_PUBLIC_SUFFIX_FOUND
    private static final java.lang.String DOT_REGEX
    private static final int MAX_PARTS
    private static final int MAX_LENGTH
    private static final int MAX_DOMAIN_PART_LENGTH
com.google.common.net.MediaType:
    private static final java.lang.String CHARSET_ATTRIBUTE
    private static final java.lang.String APPLICATION_TYPE
    private static final java.lang.String AUDIO_TYPE
    private static final java.lang.String IMAGE_TYPE
    private static final java.lang.String TEXT_TYPE
    private static final java.lang.String VIDEO_TYPE
    private static final java.lang.String WILDCARD
    496:496:static com.google.common.net.MediaType createApplicationType(java.lang.String)
    505:505:static com.google.common.net.MediaType createAudioType(java.lang.String)
    514:514:static com.google.common.net.MediaType createImageType(java.lang.String)
    523:523:static com.google.common.net.MediaType createTextType(java.lang.String)
    532:532:static com.google.common.net.MediaType createVideoType(java.lang.String)
com.google.common.net.TldPatterns:
    32:32:private TldPatterns()
com.google.common.net.package-info
com.google.common.primitives.AndroidInteger:
    34:34:static java.lang.Integer tryParse(java.lang.String)
    90:90:private AndroidInteger()
com.google.common.primitives.UnsignedBytes:
    private static final int UNSIGNED_MASK
com.google.common.primitives.UnsignedBytes$LexicographicalComparatorHolder$UnsafeComparator